[0m00:00:36.368202 [debug] [MainThread]: Sending event: {'category': 'dbt', 'action': 'invocation', 'label': 'start', 'context': [<snowplow_tracker.self_describing_json.SelfDescribingJson object at 0x7f64da483390>, <snowplow_tracker.self_describing_json.SelfDescribingJson object at 0x7f64db8a7890>, <snowplow_tracker.self_describing_json.SelfDescribingJson object at 0x7f64da4a6890>]}


============================== 00:00:36.370424 | a47cb8b4-0567-4b9a-a5b0-ce24bdecfd18 ==============================
[0m00:00:36.370424 [info ] [MainThread]: Running with dbt=1.9.4
[0m00:00:36.370921 [debug] [MainThread]: running dbt with arguments {'printer_width': '80', 'indirect_selection': 'eager', 'write_json': 'True', 'log_cache_events': 'False', 'partial_parse': 'True', 'cache_selected_only': 'False', 'profiles_dir': '/home/anwar/.dbt', 'version_check': 'True', 'warn_error': 'None', 'log_path': '/home/anwar/AdInsight360/logs', 'fail_fast': 'False', 'debug': 'False', 'use_colors': 'True', 'use_experimental_parser': 'False', 'no_print': 'None', 'quiet': 'False', 'empty': 'None', 'warn_error_options': 'WarnErrorOptions(include=[], exclude=[])', 'static_parser': 'True', 'introspect': 'True', 'invocation_command': 'dbt clean', 'target_path': 'None', 'log_format': 'default', 'send_anonymous_usage_stats': 'True'}
[0m00:00:36.482282 [debug] [MainThread]: Sending event: {'category': 'dbt', 'action': 'project_id', 'label': 'a47cb8b4-0567-4b9a-a5b0-ce24bdecfd18', 'context': [<snowplow_tracker.self_describing_json.SelfDescribingJson object at 0x7f64da3a7990>]}
[0m00:00:36.492775 [debug] [MainThread]: Resource report: {"command_name": "clean", "command_success": true, "command_wall_clock_time": 0.1607455, "process_in_blocks": "28800", "process_kernel_time": 0.124552, "process_mem_max_rss": "96124", "process_out_blocks": "8", "process_user_time": 1.067355}
[0m00:00:36.493268 [debug] [MainThread]: Command `dbt clean` succeeded at 00:00:36.493177 after 0.16 seconds
[0m00:00:36.493597 [debug] [MainThread]: Sending event: {'category': 'dbt', 'action': 'invocation', 'label': 'end', 'context': [<snowplow_tracker.self_describing_json.SelfDescribingJson object at 0x7f64da4e5310>, <snowplow_tracker.self_describing_json.SelfDescribingJson object at 0x7f64da4e5510>, <snowplow_tracker.self_describing_json.SelfDescribingJson object at 0x7f64de4ce050>]}
[0m00:00:36.493931 [debug] [MainThread]: Flushing usage events
[0m00:00:38.165261 [debug] [MainThread]: An error was encountered while trying to flush usage events
[0m00:00:39.365888 [debug] [MainThread]: Sending event: {'category': 'dbt', 'action': 'invocation', 'label': 'start', 'context': [<snowplow_tracker.self_describing_json.SelfDescribingJson object at 0x7f25e51ab310>, <snowplow_tracker.self_describing_json.SelfDescribingJson object at 0x7f25e51aba10>, <snowplow_tracker.self_describing_json.SelfDescribingJson object at 0x7f25e51ab590>]}


============================== 00:00:39.368015 | c1ccdd74-b482-4e74-b755-107b11e38bb0 ==============================
[0m00:00:39.368015 [info ] [MainThread]: Running with dbt=1.9.4
[0m00:00:39.368530 [debug] [MainThread]: running dbt with arguments {'printer_width': '80', 'indirect_selection': 'eager', 'log_cache_events': 'False', 'write_json': 'True', 'partial_parse': 'True', 'cache_selected_only': 'False', 'warn_error': 'None', 'debug': 'False', 'profiles_dir': '/home/anwar/.dbt', 'log_path': '/home/anwar/AdInsight360/logs', 'version_check': 'True', 'fail_fast': 'False', 'use_colors': 'True', 'use_experimental_parser': 'False', 'empty': 'False', 'quiet': 'False', 'no_print': 'None', 'warn_error_options': 'WarnErrorOptions(include=[], exclude=[])', 'invocation_command': 'dbt run', 'introspect': 'True', 'static_parser': 'True', 'target_path': 'None', 'log_format': 'default', 'send_anonymous_usage_stats': 'True'}
[0m00:00:39.370467 [error] [MainThread]: Encountered an error:
Runtime Error
  Could not find profile named 'adinsight'
[0m00:00:39.371217 [debug] [MainThread]: Resource report: {"command_name": "run", "command_success": false, "command_wall_clock_time": 0.038195003, "process_in_blocks": "0", "process_kernel_time": 0.121835, "process_mem_max_rss": "94356", "process_out_blocks": "0", "process_user_time": 0.859605}
[0m00:00:39.371684 [debug] [MainThread]: Command `dbt run` failed at 00:00:39.371601 after 0.04 seconds
[0m00:00:39.372035 [debug] [MainThread]: Sending event: {'category': 'dbt', 'action': 'invocation', 'label': 'end', 'context': [<snowplow_tracker.self_describing_json.SelfDescribingJson object at 0x7f25e5201dd0>, <snowplow_tracker.self_describing_json.SelfDescribingJson object at 0x7f25e54e8e10>, <snowplow_tracker.self_describing_json.SelfDescribingJson object at 0x7f25e91ed410>]}
[0m00:00:39.372389 [debug] [MainThread]: Flushing usage events
[0m00:00:40.546215 [debug] [MainThread]: An error was encountered while trying to flush usage events
[0m00:02:53.166444 [debug] [MainThread]: Sending event: {'category': 'dbt', 'action': 'invocation', 'label': 'start', 'context': [<snowplow_tracker.self_describing_json.SelfDescribingJson object at 0x7fcb224ab090>, <snowplow_tracker.self_describing_json.SelfDescribingJson object at 0x7fcb226bc550>, <snowplow_tracker.self_describing_json.SelfDescribingJson object at 0x7fcb224aa190>]}


============================== 00:02:53.168658 | 342f06d4-2646-42c6-984f-ed04940bc4e4 ==============================
[0m00:02:53.168658 [info ] [MainThread]: Running with dbt=1.9.4
[0m00:02:53.169173 [debug] [MainThread]: running dbt with arguments {'printer_width': '80', 'indirect_selection': 'eager', 'log_cache_events': 'False', 'write_json': 'True', 'partial_parse': 'True', 'cache_selected_only': 'False', 'warn_error': 'None', 'debug': 'False', 'version_check': 'True', 'log_path': '/home/anwar/AdInsight360/logs', 'fail_fast': 'False', 'profiles_dir': '/home/anwar/.dbt', 'use_colors': 'True', 'use_experimental_parser': 'False', 'no_print': 'None', 'quiet': 'False', 'empty': 'None', 'warn_error_options': 'WarnErrorOptions(include=[], exclude=[])', 'invocation_command': 'dbt clean', 'static_parser': 'True', 'introspect': 'True', 'target_path': 'None', 'log_format': 'default', 'send_anonymous_usage_stats': 'True'}
[0m00:02:53.259501 [debug] [MainThread]: Sending event: {'category': 'dbt', 'action': 'project_id', 'label': '342f06d4-2646-42c6-984f-ed04940bc4e4', 'context': [<snowplow_tracker.self_describing_json.SelfDescribingJson object at 0x7fcb223c3850>]}
[0m00:02:53.265495 [debug] [MainThread]: Resource report: {"command_name": "clean", "command_success": true, "command_wall_clock_time": 0.13383822, "process_in_blocks": "960", "process_kernel_time": 0.102865, "process_mem_max_rss": "96276", "process_out_blocks": "8", "process_user_time": 0.937778}
[0m00:02:53.265953 [debug] [MainThread]: Command `dbt clean` succeeded at 00:02:53.265879 after 0.13 seconds
[0m00:02:53.266278 [debug] [MainThread]: Sending event: {'category': 'dbt', 'action': 'invocation', 'label': 'end', 'context': [<snowplow_tracker.self_describing_json.SelfDescribingJson object at 0x7fcb224aa6d0>, <snowplow_tracker.self_describing_json.SelfDescribingJson object at 0x7fcb223d8950>, <snowplow_tracker.self_describing_json.SelfDescribingJson object at 0x7fcb264a8a10>]}
[0m00:02:53.266617 [debug] [MainThread]: Flushing usage events
[0m00:02:54.788795 [debug] [MainThread]: An error was encountered while trying to flush usage events
[0m00:03:00.853154 [debug] [MainThread]: Sending event: {'category': 'dbt', 'action': 'invocation', 'label': 'start', 'context': [<snowplow_tracker.self_describing_json.SelfDescribingJson object at 0x7f6dfffbff50>, <snowplow_tracker.self_describing_json.SelfDescribingJson object at 0x7f6dfffbf1d0>, <snowplow_tracker.self_describing_json.SelfDescribingJson object at 0x7f6dfffbf990>]}


============================== 00:03:00.856110 | 01d12bb5-e091-4786-894e-76356b570636 ==============================
[0m00:03:00.856110 [info ] [MainThread]: Running with dbt=1.9.4
[0m00:03:00.856799 [debug] [MainThread]: running dbt with arguments {'printer_width': '80', 'indirect_selection': 'eager', 'write_json': 'True', 'log_cache_events': 'False', 'partial_parse': 'True', 'cache_selected_only': 'False', 'profiles_dir': '/home/anwar/.dbt', 'debug': 'False', 'fail_fast': 'False', 'log_path': '/home/anwar/AdInsight360/logs', 'warn_error': 'None', 'version_check': 'True', 'use_colors': 'True', 'use_experimental_parser': 'False', 'empty': 'False', 'quiet': 'False', 'no_print': 'None', 'log_format': 'default', 'introspect': 'True', 'warn_error_options': 'WarnErrorOptions(include=[], exclude=[])', 'invocation_command': 'dbt run', 'target_path': 'None', 'static_parser': 'True', 'send_anonymous_usage_stats': 'True'}
[0m00:03:00.859084 [error] [MainThread]: Encountered an error:
Runtime Error
  Could not find profile named 'adinsight'
[0m00:03:00.859840 [debug] [MainThread]: Resource report: {"command_name": "run", "command_success": false, "command_wall_clock_time": 0.04196136, "process_in_blocks": "0", "process_kernel_time": 0.090005, "process_mem_max_rss": "94488", "process_out_blocks": "8", "process_user_time": 0.878754}
[0m00:03:00.860297 [debug] [MainThread]: Command `dbt run` failed at 00:03:00.860209 after 0.04 seconds
[0m00:03:00.860638 [debug] [MainThread]: Sending event: {'category': 'dbt', 'action': 'invocation', 'label': 'end', 'context': [<snowplow_tracker.self_describing_json.SelfDescribingJson object at 0x7f6e0001df50>, <snowplow_tracker.self_describing_json.SelfDescribingJson object at 0x7f6e00a49190>, <snowplow_tracker.self_describing_json.SelfDescribingJson object at 0x7f6dfffc9110>]}
[0m00:03:00.860979 [debug] [MainThread]: Flushing usage events
[0m00:03:01.628449 [debug] [MainThread]: An error was encountered while trying to flush usage events
[0m00:05:56.314027 [debug] [MainThread]: Sending event: {'category': 'dbt', 'action': 'invocation', 'label': 'start', 'context': [<snowplow_tracker.self_describing_json.SelfDescribingJson object at 0x7f874a92fcd0>, <snowplow_tracker.self_describing_json.SelfDescribingJson object at 0x7f874bd4b690>, <snowplow_tracker.self_describing_json.SelfDescribingJson object at 0x7f874aa23310>]}


============================== 00:05:56.316194 | 1877003e-5137-40f1-a634-d1b01bd24cb2 ==============================
[0m00:05:56.316194 [info ] [MainThread]: Running with dbt=1.9.4
[0m00:05:56.316696 [debug] [MainThread]: running dbt with arguments {'printer_width': '80', 'indirect_selection': 'eager', 'log_cache_events': 'False', 'write_json': 'True', 'partial_parse': 'True', 'cache_selected_only': 'False', 'warn_error': 'None', 'version_check': 'True', 'profiles_dir': '/home/anwar/.dbt', 'log_path': '/home/anwar/AdInsight360/logs', 'debug': 'False', 'fail_fast': 'False', 'use_colors': 'True', 'use_experimental_parser': 'False', 'empty': 'None', 'quiet': 'False', 'no_print': 'None', 'warn_error_options': 'WarnErrorOptions(include=[], exclude=[])', 'invocation_command': 'dbt clean', 'log_format': 'default', 'introspect': 'True', 'target_path': 'None', 'static_parser': 'True', 'send_anonymous_usage_stats': 'True'}
[0m00:05:56.405631 [debug] [MainThread]: Sending event: {'category': 'dbt', 'action': 'project_id', 'label': '1877003e-5137-40f1-a634-d1b01bd24cb2', 'context': [<snowplow_tracker.self_describing_json.SelfDescribingJson object at 0x7f874a852710>]}
[0m00:05:56.411524 [debug] [MainThread]: Resource report: {"command_name": "clean", "command_success": true, "command_wall_clock_time": 0.13098149, "process_in_blocks": "0", "process_kernel_time": 0.119646, "process_mem_max_rss": "96400", "process_out_blocks": "8", "process_user_time": 0.960593}
[0m00:05:56.412015 [debug] [MainThread]: Command `dbt clean` succeeded at 00:05:56.411938 after 0.13 seconds
[0m00:05:56.412357 [debug] [MainThread]: Sending event: {'category': 'dbt', 'action': 'invocation', 'label': 'end', 'context': [<snowplow_tracker.self_describing_json.SelfDescribingJson object at 0x7f874a996ed0>, <snowplow_tracker.self_describing_json.SelfDescribingJson object at 0x7f874a9951d0>, <snowplow_tracker.self_describing_json.SelfDescribingJson object at 0x7f874e87bc10>]}
[0m00:05:56.412693 [debug] [MainThread]: Flushing usage events
[0m00:05:57.280913 [debug] [MainThread]: An error was encountered while trying to flush usage events
[0m00:05:58.431276 [debug] [MainThread]: Sending event: {'category': 'dbt', 'action': 'invocation', 'label': 'start', 'context': [<snowplow_tracker.self_describing_json.SelfDescribingJson object at 0x7f228cdf6f10>, <snowplow_tracker.self_describing_json.SelfDescribingJson object at 0x7f228ce351d0>, <snowplow_tracker.self_describing_json.SelfDescribingJson object at 0x7f228ce19f10>]}


============================== 00:05:58.434625 | 881b05a3-9bd6-417c-9127-8918335908c0 ==============================
[0m00:05:58.434625 [info ] [MainThread]: Running with dbt=1.9.4
[0m00:05:58.435376 [debug] [MainThread]: running dbt with arguments {'printer_width': '80', 'indirect_selection': 'eager', 'write_json': 'True', 'log_cache_events': 'False', 'partial_parse': 'True', 'cache_selected_only': 'False', 'profiles_dir': '/home/anwar/.dbt', 'version_check': 'True', 'debug': 'False', 'log_path': '/home/anwar/AdInsight360/logs', 'fail_fast': 'False', 'warn_error': 'None', 'use_colors': 'True', 'use_experimental_parser': 'False', 'no_print': 'None', 'quiet': 'False', 'empty': 'None', 'log_format': 'default', 'invocation_command': 'dbt debug', 'static_parser': 'True', 'warn_error_options': 'WarnErrorOptions(include=[], exclude=[])', 'target_path': 'None', 'introspect': 'True', 'send_anonymous_usage_stats': 'True'}
[0m00:05:58.443992 [info ] [MainThread]: dbt version: 1.9.4
[0m00:05:58.444689 [info ] [MainThread]: python version: 3.11.3
[0m00:05:58.445203 [info ] [MainThread]: python path: /home/anwar/anaconda3/bin/python
[0m00:05:58.445655 [info ] [MainThread]: os info: Linux-6.14.2-300.fc42.x86_64-x86_64-with-glibc2.41
[0m00:05:59.198601 [info ] [MainThread]: Using profiles dir at /home/anwar/.dbt
[0m00:05:59.199298 [info ] [MainThread]: Using profiles.yml file at /home/anwar/.dbt/profiles.yml
[0m00:05:59.199735 [info ] [MainThread]: Using dbt_project.yml file at /home/anwar/AdInsight360/dbt_project.yml
[0m00:05:59.200317 [info ] [MainThread]: adapter type: snowflake
[0m00:05:59.200723 [info ] [MainThread]: adapter version: 1.9.4
[0m00:05:59.288813 [info ] [MainThread]: Configuration:
[0m00:05:59.289402 [info ] [MainThread]:   profiles.yml file [[32mOK found and valid[0m]
[0m00:05:59.289810 [info ] [MainThread]:   dbt_project.yml file [[32mOK found and valid[0m]
[0m00:05:59.290182 [info ] [MainThread]: Required dependencies:
[0m00:05:59.290580 [debug] [MainThread]: Executing "git --help"
[0m00:05:59.292662 [debug] [MainThread]: STDOUT: "b"usage: git [-v | --version] [-h | --help] [-C <path>] [-c <name>=<value>]\n           [--exec-path[=<path>]] [--html-path] [--man-path] [--info-path]\n           [-p | --paginate | -P | --no-pager] [--no-replace-objects] [--no-lazy-fetch]\n           [--no-optional-locks] [--no-advice] [--bare] [--git-dir=<path>]\n           [--work-tree=<path>] [--namespace=<name>] [--config-env=<name>=<envvar>]\n           <command> [<args>]\n\nThese are common Git commands used in various situations:\n\nstart a working area (see also: git help tutorial)\n   clone      Clone a repository into a new directory\n   init       Create an empty Git repository or reinitialize an existing one\n\nwork on the current change (see also: git help everyday)\n   add        Add file contents to the index\n   mv         Move or rename a file, a directory, or a symlink\n   restore    Restore working tree files\n   rm         Remove files from the working tree and from the index\n\nexamine the history and state (see also: git help revisions)\n   bisect     Use binary search to find the commit that introduced a bug\n   diff       Show changes between commits, commit and working tree, etc\n   grep       Print lines matching a pattern\n   log        Show commit logs\n   show       Show various types of objects\n   status     Show the working tree status\n\ngrow, mark and tweak your common history\n   backfill   Download missing objects in a partial clone\n   branch     List, create, or delete branches\n   commit     Record changes to the repository\n   merge      Join two or more development histories together\n   rebase     Reapply commits on top of another base tip\n   reset      Reset current HEAD to the specified state\n   switch     Switch branches\n   tag        Create, list, delete or verify a tag object signed with GPG\n\ncollaborate (see also: git help workflows)\n   fetch      Download objects and refs from another repository\n   pull       Fetch from and integrate with another repository or a local branch\n   push       Update remote refs along with associated objects\n\n'git help -a' and 'git help -g' list available subcommands and some\nconcept guides. See 'git help <command>' or 'git help <concept>'\nto read about a specific subcommand or concept.\nSee 'git help git' for an overview of the system.\n""
[0m00:05:59.293219 [debug] [MainThread]: STDERR: "b''"
[0m00:05:59.293620 [info ] [MainThread]:  - git [[32mOK found[0m]

[0m00:05:59.294008 [info ] [MainThread]: Connection:
[0m00:05:59.294412 [info ] [MainThread]:   account: REZTYKO-ZD49254
[0m00:05:59.294781 [info ] [MainThread]:   user: ANWARMOUSA
[0m00:05:59.295146 [info ] [MainThread]:   database: ADINSIGHT_DB
[0m00:05:59.295632 [info ] [MainThread]:   warehouse: ADINSIGHT_WH
[0m00:05:59.296046 [info ] [MainThread]:   role: ACCOUNTADMIN
[0m00:05:59.296458 [info ] [MainThread]:   schema: public
[0m00:05:59.296869 [info ] [MainThread]:   authenticator: None
[0m00:05:59.297281 [info ] [MainThread]:   oauth_client_id: None
[0m00:05:59.297691 [info ] [MainThread]:   query_tag: None
[0m00:05:59.298098 [info ] [MainThread]:   client_session_keep_alive: False
[0m00:05:59.298506 [info ] [MainThread]:   host: None
[0m00:05:59.298901 [info ] [MainThread]:   port: None
[0m00:05:59.299331 [info ] [MainThread]:   proxy_host: None
[0m00:05:59.299736 [info ] [MainThread]:   proxy_port: None
[0m00:05:59.300131 [info ] [MainThread]:   protocol: None
[0m00:05:59.300539 [info ] [MainThread]:   connect_retries: 1
[0m00:05:59.300940 [info ] [MainThread]:   connect_timeout: None
[0m00:05:59.301342 [info ] [MainThread]:   retry_on_database_errors: False
[0m00:05:59.301743 [info ] [MainThread]:   retry_all: False
[0m00:05:59.302142 [info ] [MainThread]:   insecure_mode: False
[0m00:05:59.302544 [info ] [MainThread]:   reuse_connections: True
[0m00:05:59.303103 [info ] [MainThread]: Registered adapter: snowflake=1.9.4
[0m00:05:59.416470 [debug] [MainThread]: Acquiring new snowflake connection 'debug'
[0m00:05:59.441355 [debug] [MainThread]: Using snowflake connection "debug"
[0m00:05:59.441974 [debug] [MainThread]: On debug: select 1 as id
[0m00:05:59.442420 [debug] [MainThread]: Opening a new connection, currently in state init
[0m00:06:00.670030 [debug] [MainThread]: SQL status: SUCCESS 1 in 1.228 seconds
[0m00:06:00.670971 [info ] [MainThread]:   Connection test: [[32mOK connection ok[0m]

[0m00:06:00.671410 [info ] [MainThread]: [32mAll checks passed![0m
[0m00:06:00.672217 [debug] [MainThread]: Resource report: {"command_name": "debug", "command_success": true, "command_wall_clock_time": 2.2812324, "process_in_blocks": "146408", "process_kernel_time": 0.256684, "process_mem_max_rss": "210668", "process_out_blocks": "88", "process_user_time": 1.629183}
[0m00:06:00.672708 [debug] [MainThread]: Command `dbt debug` succeeded at 00:06:00.672634 after 2.28 seconds
[0m00:06:00.673008 [debug] [MainThread]: Connection 'debug' was left open.
[0m00:06:00.673333 [debug] [MainThread]: On debug: Close
[0m00:06:00.900310 [debug] [MainThread]: Sending event: {'category': 'dbt', 'action': 'invocation', 'label': 'end', 'context': [<snowplow_tracker.self_describing_json.SelfDescribingJson object at 0x7f228ce5b150>, <snowplow_tracker.self_describing_json.SelfDescribingJson object at 0x7f228ce59390>, <snowplow_tracker.self_describing_json.SelfDescribingJson object at 0x7f226ff65510>]}
[0m00:06:00.900821 [debug] [MainThread]: Flushing usage events
[0m00:06:01.569555 [debug] [MainThread]: An error was encountered while trying to flush usage events
[0m00:06:02.899600 [debug] [MainThread]: Sending event: {'category': 'dbt', 'action': 'invocation', 'label': 'start', 'context': [<snowplow_tracker.self_describing_json.SelfDescribingJson object at 0x7ff648cbfe10>, <snowplow_tracker.self_describing_json.SelfDescribingJson object at 0x7ff648cbf950>, <snowplow_tracker.self_describing_json.SelfDescribingJson object at 0x7ff648cbfa50>]}


============================== 00:06:02.902067 | 21146a7f-fa21-4897-bc2d-9c2eb6a32265 ==============================
[0m00:06:02.902067 [info ] [MainThread]: Running with dbt=1.9.4
[0m00:06:02.902693 [debug] [MainThread]: running dbt with arguments {'printer_width': '80', 'indirect_selection': 'eager', 'log_cache_events': 'False', 'write_json': 'True', 'partial_parse': 'True', 'cache_selected_only': 'False', 'profiles_dir': '/home/anwar/.dbt', 'version_check': 'True', 'fail_fast': 'False', 'log_path': '/home/anwar/AdInsight360/logs', 'warn_error': 'None', 'debug': 'False', 'use_colors': 'True', 'use_experimental_parser': 'False', 'empty': 'False', 'quiet': 'False', 'no_print': 'None', 'warn_error_options': 'WarnErrorOptions(include=[], exclude=[])', 'invocation_command': 'dbt run', 'static_parser': 'True', 'log_format': 'default', 'target_path': 'None', 'introspect': 'True', 'send_anonymous_usage_stats': 'True'}
[0m00:06:03.363085 [debug] [MainThread]: Sending event: {'category': 'dbt', 'action': 'project_id', 'label': '21146a7f-fa21-4897-bc2d-9c2eb6a32265', 'context': [<snowplow_tracker.self_describing_json.SelfDescribingJson object at 0x7ff62c2baad0>]}
[0m00:06:03.401558 [debug] [MainThread]: Sending event: {'category': 'dbt', 'action': 'adapter_info', 'label': '21146a7f-fa21-4897-bc2d-9c2eb6a32265', 'context': [<snowplow_tracker.self_describing_json.SelfDescribingJson object at 0x7ff649838d90>]}
[0m00:06:03.402298 [info ] [MainThread]: Registered adapter: snowflake=1.9.4
[0m00:06:03.486932 [debug] [MainThread]: checksum: b5597158181700c50f5bc1c71fe28b37a6fb85633dc5323885263678b6bc782c, vars: {}, profile: , target: , version: 1.9.4
[0m00:06:03.487523 [info ] [MainThread]: Unable to do partial parsing because saved manifest not found. Starting full parse.
[0m00:06:03.487871 [debug] [MainThread]: Sending event: {'category': 'dbt', 'action': 'partial_parser', 'label': '21146a7f-fa21-4897-bc2d-9c2eb6a32265', 'context': [<snowplow_tracker.self_describing_json.SelfDescribingJson object at 0x7ff62c048890>]}
[0m00:06:04.314575 [debug] [MainThread]: Sending event: {'category': 'dbt', 'action': 'load_project', 'label': '21146a7f-fa21-4897-bc2d-9c2eb6a32265', 'context': [<snowplow_tracker.self_describing_json.SelfDescribingJson object at 0x7ff62bf2ed90>]}
[0m00:06:04.367329 [debug] [MainThread]: Wrote artifact WritableManifest to /home/anwar/AdInsight360/target/manifest.json
[0m00:06:04.369159 [debug] [MainThread]: Wrote artifact SemanticManifest to /home/anwar/AdInsight360/target/semantic_manifest.json
[0m00:06:04.380189 [debug] [MainThread]: Sending event: {'category': 'dbt', 'action': 'resource_counts', 'label': '21146a7f-fa21-4897-bc2d-9c2eb6a32265', 'context': [<snowplow_tracker.self_describing_json.SelfDescribingJson object at 0x7ff62b673350>]}
[0m00:06:04.380871 [info ] [MainThread]: Found 1 model, 1 source, 476 macros
[0m00:06:04.381333 [debug] [MainThread]: Sending event: {'category': 'dbt', 'action': 'runnable_timing', 'label': '21146a7f-fa21-4897-bc2d-9c2eb6a32265', 'context': [<snowplow_tracker.self_describing_json.SelfDescribingJson object at 0x7ff62b74d210>]}
[0m00:06:04.382761 [info ] [MainThread]: 
[0m00:06:04.383295 [info ] [MainThread]: Concurrency: 4 threads (target='dev')
[0m00:06:04.383689 [info ] [MainThread]: 
[0m00:06:04.384274 [debug] [MainThread]: Acquiring new snowflake connection 'master'
[0m00:06:04.385236 [debug] [ThreadPool]: Acquiring new snowflake connection 'list_ADINSIGHT_DB'
[0m00:06:04.412250 [debug] [ThreadPool]: Using snowflake connection "list_ADINSIGHT_DB"
[0m00:06:04.412630 [debug] [ThreadPool]: On list_ADINSIGHT_DB: /* {"app": "dbt", "dbt_version": "1.9.4", "profile_name": "adinsight360", "target_name": "dev", "connection_name": "list_ADINSIGHT_DB"} */
show terse schemas in database ADINSIGHT_DB
    limit 10000
[0m00:06:04.412925 [debug] [ThreadPool]: Opening a new connection, currently in state init
[0m00:06:05.132144 [debug] [ThreadPool]: SQL status: SUCCESS 3 in 0.719 seconds
[0m00:06:05.133660 [debug] [ThreadPool]: Re-using an available connection from the pool (formerly list_ADINSIGHT_DB, now create_ADINSIGHT_DB_public_analytics)
[0m00:06:05.134091 [debug] [ThreadPool]: Creating schema "database: "ADINSIGHT_DB"
schema: "public_analytics"
"
[0m00:06:05.137370 [debug] [ThreadPool]: Using snowflake connection "create_ADINSIGHT_DB_public_analytics"
[0m00:06:05.137677 [debug] [ThreadPool]: On create_ADINSIGHT_DB_public_analytics: /* {"app": "dbt", "dbt_version": "1.9.4", "profile_name": "adinsight360", "target_name": "dev", "connection_name": "create_ADINSIGHT_DB_public_analytics"} */
create schema if not exists ADINSIGHT_DB.public_analytics
[0m00:06:05.300048 [debug] [ThreadPool]: SQL status: SUCCESS 1 in 0.162 seconds
[0m00:06:05.301613 [debug] [ThreadPool]: Re-using an available connection from the pool (formerly create_ADINSIGHT_DB_public_analytics, now list_ADINSIGHT_DB_public_analytics)
[0m00:06:05.309423 [debug] [ThreadPool]: Using snowflake connection "list_ADINSIGHT_DB_public_analytics"
[0m00:06:05.309809 [debug] [ThreadPool]: On list_ADINSIGHT_DB_public_analytics: /* {"app": "dbt", "dbt_version": "1.9.4", "profile_name": "adinsight360", "target_name": "dev", "connection_name": "list_ADINSIGHT_DB_public_analytics"} */
alter session set quoted_identifiers_ignore_case = false;
[0m00:06:05.490172 [debug] [ThreadPool]: SQL status: SUCCESS 1 in 0.180 seconds
[0m00:06:05.494387 [debug] [ThreadPool]: Using snowflake connection "list_ADINSIGHT_DB_public_analytics"
[0m00:06:05.494756 [debug] [ThreadPool]: On list_ADINSIGHT_DB_public_analytics: /* {"app": "dbt", "dbt_version": "1.9.4", "profile_name": "adinsight360", "target_name": "dev", "connection_name": "list_ADINSIGHT_DB_public_analytics"} */
show objects in ADINSIGHT_DB.public_analytics
    limit 10000
    
;
[0m00:06:05.690779 [debug] [ThreadPool]: SQL status: SUCCESS 0 in 0.196 seconds
[0m00:06:05.694095 [debug] [ThreadPool]: Using snowflake connection "list_ADINSIGHT_DB_public_analytics"
[0m00:06:05.694846 [debug] [ThreadPool]: On list_ADINSIGHT_DB_public_analytics: /* {"app": "dbt", "dbt_version": "1.9.4", "profile_name": "adinsight360", "target_name": "dev", "connection_name": "list_ADINSIGHT_DB_public_analytics"} */
alter session unset quoted_identifiers_ignore_case;
[0m00:06:05.871672 [debug] [ThreadPool]: SQL status: SUCCESS 1 in 0.176 seconds
[0m00:06:05.874781 [debug] [MainThread]: Sending event: {'category': 'dbt', 'action': 'runnable_timing', 'label': '21146a7f-fa21-4897-bc2d-9c2eb6a32265', 'context': [<snowplow_tracker.self_describing_json.SelfDescribingJson object at 0x7ff62a9da550>]}
[0m00:06:05.878952 [debug] [Thread-1 (]: Began running node model.adinsight.stg_reddit_posts
[0m00:06:05.879721 [info ] [Thread-1 (]: 1 of 1 START sql view model public_analytics.stg_reddit_posts .................. [RUN]
[0m00:06:05.880268 [debug] [Thread-1 (]: Re-using an available connection from the pool (formerly list_ADINSIGHT_DB_public_analytics, now model.adinsight.stg_reddit_posts)
[0m00:06:05.880693 [debug] [Thread-1 (]: Began compiling node model.adinsight.stg_reddit_posts
[0m00:06:05.889632 [debug] [Thread-1 (]: Writing injected SQL for node "model.adinsight.stg_reddit_posts"
[0m00:06:05.890308 [debug] [Thread-1 (]: Began executing node model.adinsight.stg_reddit_posts
[0m00:06:05.911864 [debug] [Thread-1 (]: Writing runtime sql for node "model.adinsight.stg_reddit_posts"
[0m00:06:05.912793 [debug] [Thread-1 (]: Using snowflake connection "model.adinsight.stg_reddit_posts"
[0m00:06:05.913167 [debug] [Thread-1 (]: On model.adinsight.stg_reddit_posts: /* {"app": "dbt", "dbt_version": "1.9.4", "profile_name": "adinsight360", "target_name": "dev", "node_id": "model.adinsight.stg_reddit_posts"} */
create or replace   view ADINSIGHT_DB.public_analytics.stg_reddit_posts
  
   as (
    

SELECT
    id,
    title,
    score,
    created_utc::TIMESTAMP_NTZ AS created_at,
    url,
    num_comments,
    author
FROM ADINSIGHT_DB.public.raw_posts
  );
[0m00:06:06.146993 [debug] [Thread-1 (]: Snowflake adapter: Snowflake query id: 01bc6a92-0000-2581-0000-000060e56ac5
[0m00:06:06.147676 [debug] [Thread-1 (]: Snowflake adapter: Snowflake error: 002003 (42S02): SQL compilation error:
Object 'ADINSIGHT_DB.PUBLIC.RAW_POSTS' does not exist or not authorized.
[0m00:06:06.152736 [debug] [Thread-1 (]: Database Error in model stg_reddit_posts (models/staging/stg_reddit_posts.sql)
  002003 (42S02): SQL compilation error:
  Object 'ADINSIGHT_DB.PUBLIC.RAW_POSTS' does not exist or not authorized.
  compiled code at target/run/adinsight/models/staging/stg_reddit_posts.sql
[0m00:06:06.155433 [debug] [Thread-1 (]: Sending event: {'category': 'dbt', 'action': 'run_model', 'label': '21146a7f-fa21-4897-bc2d-9c2eb6a32265', 'context': [<snowplow_tracker.self_describing_json.SelfDescribingJson object at 0x7ff62bfc7450>]}
[0m00:06:06.156176 [error] [Thread-1 (]: 1 of 1 ERROR creating sql view model public_analytics.stg_reddit_posts ......... [[31mERROR[0m in 0.27s]
[0m00:06:06.156753 [debug] [Thread-1 (]: Finished running node model.adinsight.stg_reddit_posts
[0m00:06:06.157304 [debug] [Thread-7 (]: Marking all children of 'model.adinsight.stg_reddit_posts' to be skipped because of status 'error'.  Reason: Database Error in model stg_reddit_posts (models/staging/stg_reddit_posts.sql)
  002003 (42S02): SQL compilation error:
  Object 'ADINSIGHT_DB.PUBLIC.RAW_POSTS' does not exist or not authorized.
  compiled code at target/run/adinsight/models/staging/stg_reddit_posts.sql.
[0m00:06:06.158422 [debug] [MainThread]: Connection 'master' was properly closed.
[0m00:06:06.158906 [debug] [MainThread]: Connection 'model.adinsight.stg_reddit_posts' was left open.
[0m00:06:06.159309 [debug] [MainThread]: On model.adinsight.stg_reddit_posts: Close
[0m00:06:06.790645 [info ] [MainThread]: 
[0m00:06:06.791339 [info ] [MainThread]: Finished running 1 view model in 0 hours 0 minutes and 2.41 seconds (2.41s).
[0m00:06:06.792290 [debug] [MainThread]: Command end result
[0m00:06:06.811690 [debug] [MainThread]: Wrote artifact WritableManifest to /home/anwar/AdInsight360/target/manifest.json
[0m00:06:06.813091 [debug] [MainThread]: Wrote artifact SemanticManifest to /home/anwar/AdInsight360/target/semantic_manifest.json
[0m00:06:06.817112 [debug] [MainThread]: Wrote artifact RunExecutionResult to /home/anwar/AdInsight360/target/run_results.json
[0m00:06:06.817469 [info ] [MainThread]: 
[0m00:06:06.817859 [info ] [MainThread]: [31mCompleted with 1 error, 0 partial successes, and 0 warnings:[0m
[0m00:06:06.818191 [info ] [MainThread]: 
[0m00:06:06.818576 [error] [MainThread]:   Database Error in model stg_reddit_posts (models/staging/stg_reddit_posts.sql)
  002003 (42S02): SQL compilation error:
  Object 'ADINSIGHT_DB.PUBLIC.RAW_POSTS' does not exist or not authorized.
  compiled code at target/run/adinsight/models/staging/stg_reddit_posts.sql
[0m00:06:06.818872 [info ] [MainThread]: 
[0m00:06:06.819176 [info ] [MainThread]: Done. PASS=0 WARN=0 ERROR=1 SKIP=0 TOTAL=1
[0m00:06:06.819918 [debug] [MainThread]: Resource report: {"command_name": "run", "command_success": false, "command_wall_clock_time": 3.9552763, "process_in_blocks": "1344", "process_kernel_time": 0.169493, "process_mem_max_rss": "221964", "process_out_blocks": "3176", "process_user_time": 2.531324}
[0m00:06:06.820410 [debug] [MainThread]: Command `dbt run` failed at 00:06:06.820319 after 3.96 seconds
[0m00:06:06.820757 [debug] [MainThread]: Sending event: {'category': 'dbt', 'action': 'invocation', 'label': 'end', 'context': [<snowplow_tracker.self_describing_json.SelfDescribingJson object at 0x7ff64ccee190>, <snowplow_tracker.self_describing_json.SelfDescribingJson object at 0x7ff64ccee090>, <snowplow_tracker.self_describing_json.SelfDescribingJson object at 0x7ff64ccee050>]}
[0m00:06:06.821086 [debug] [MainThread]: Flushing usage events
[0m00:06:07.710451 [debug] [MainThread]: An error was encountered while trying to flush usage events
[0m00:08:21.359954 [debug] [MainThread]: Sending event: {'category': 'dbt', 'action': 'invocation', 'label': 'start', 'context': [<snowplow_tracker.self_describing_json.SelfDescribingJson object at 0x7efef2fa7c50>, <snowplow_tracker.self_describing_json.SelfDescribingJson object at 0x7efef49921d0>, <snowplow_tracker.self_describing_json.SelfDescribingJson object at 0x7efef2fe7f50>]}


============================== 00:08:21.362310 | 36bb0834-92d1-41e9-8579-cb36cbf9907d ==============================
[0m00:08:21.362310 [info ] [MainThread]: Running with dbt=1.9.4
[0m00:08:21.362878 [debug] [MainThread]: running dbt with arguments {'printer_width': '80', 'indirect_selection': 'eager', 'write_json': 'True', 'log_cache_events': 'False', 'partial_parse': 'True', 'cache_selected_only': 'False', 'profiles_dir': '/home/anwar/.dbt', 'version_check': 'True', 'debug': 'False', 'log_path': '/home/anwar/AdInsight360/logs', 'fail_fast': 'False', 'warn_error': 'None', 'use_colors': 'True', 'use_experimental_parser': 'False', 'no_print': 'None', 'quiet': 'False', 'empty': 'None', 'warn_error_options': 'WarnErrorOptions(include=[], exclude=[])', 'static_parser': 'True', 'introspect': 'True', 'invocation_command': 'dbt clean', 'target_path': 'None', 'log_format': 'default', 'send_anonymous_usage_stats': 'True'}
[0m00:08:21.448082 [debug] [MainThread]: Sending event: {'category': 'dbt', 'action': 'project_id', 'label': '36bb0834-92d1-41e9-8579-cb36cbf9907d', 'context': [<snowplow_tracker.self_describing_json.SelfDescribingJson object at 0x7efef2ecba50>]}
[0m00:08:21.455068 [debug] [MainThread]: Resource report: {"command_name": "clean", "command_success": true, "command_wall_clock_time": 0.12838511, "process_in_blocks": "0", "process_kernel_time": 0.096978, "process_mem_max_rss": "96260", "process_out_blocks": "136", "process_user_time": 0.93769}
[0m00:08:21.455586 [debug] [MainThread]: Command `dbt clean` succeeded at 00:08:21.455502 after 0.13 seconds
[0m00:08:21.455922 [debug] [MainThread]: Sending event: {'category': 'dbt', 'action': 'invocation', 'label': 'end', 'context': [<snowplow_tracker.self_describing_json.SelfDescribingJson object at 0x7efef31bac50>, <snowplow_tracker.self_describing_json.SelfDescribingJson object at 0x7efef6ff1ed0>, <snowplow_tracker.self_describing_json.SelfDescribingJson object at 0x7efef6ff2050>]}
[0m00:08:21.456270 [debug] [MainThread]: Flushing usage events
[0m00:08:23.191208 [debug] [MainThread]: An error was encountered while trying to flush usage events
[0m00:08:24.327143 [debug] [MainThread]: Sending event: {'category': 'dbt', 'action': 'invocation', 'label': 'start', 'context': [<snowplow_tracker.self_describing_json.SelfDescribingJson object at 0x7f4159fafa50>, <snowplow_tracker.self_describing_json.SelfDescribingJson object at 0x7f415a2b7cd0>, <snowplow_tracker.self_describing_json.SelfDescribingJson object at 0x7f4159fe4590>]}


============================== 00:08:24.329293 | e44ff10f-0f9b-4c0f-9903-54ec684b14b7 ==============================
[0m00:08:24.329293 [info ] [MainThread]: Running with dbt=1.9.4
[0m00:08:24.329840 [debug] [MainThread]: running dbt with arguments {'printer_width': '80', 'indirect_selection': 'eager', 'log_cache_events': 'False', 'write_json': 'True', 'partial_parse': 'True', 'cache_selected_only': 'False', 'warn_error': 'None', 'debug': 'False', 'fail_fast': 'False', 'log_path': '/home/anwar/AdInsight360/logs', 'version_check': 'True', 'profiles_dir': '/home/anwar/.dbt', 'use_colors': 'True', 'use_experimental_parser': 'False', 'no_print': 'None', 'quiet': 'False', 'empty': 'False', 'log_format': 'default', 'invocation_command': 'dbt run', 'static_parser': 'True', 'warn_error_options': 'WarnErrorOptions(include=[], exclude=[])', 'target_path': 'None', 'introspect': 'True', 'send_anonymous_usage_stats': 'True'}
[0m00:08:24.759305 [debug] [MainThread]: Sending event: {'category': 'dbt', 'action': 'project_id', 'label': 'e44ff10f-0f9b-4c0f-9903-54ec684b14b7', 'context': [<snowplow_tracker.self_describing_json.SelfDescribingJson object at 0x7f413d4b2ad0>]}
[0m00:08:24.796828 [debug] [MainThread]: Sending event: {'category': 'dbt', 'action': 'adapter_info', 'label': 'e44ff10f-0f9b-4c0f-9903-54ec684b14b7', 'context': [<snowplow_tracker.self_describing_json.SelfDescribingJson object at 0x7f413d485a50>]}
[0m00:08:24.797548 [info ] [MainThread]: Registered adapter: snowflake=1.9.4
[0m00:08:24.861033 [debug] [MainThread]: checksum: b5597158181700c50f5bc1c71fe28b37a6fb85633dc5323885263678b6bc782c, vars: {}, profile: , target: , version: 1.9.4
[0m00:08:24.861614 [info ] [MainThread]: Unable to do partial parsing because saved manifest not found. Starting full parse.
[0m00:08:24.861981 [debug] [MainThread]: Sending event: {'category': 'dbt', 'action': 'partial_parser', 'label': 'e44ff10f-0f9b-4c0f-9903-54ec684b14b7', 'context': [<snowplow_tracker.self_describing_json.SelfDescribingJson object at 0x7f413d2caa90>]}
[0m00:08:25.653105 [debug] [MainThread]: Sending event: {'category': 'dbt', 'action': 'load_project', 'label': 'e44ff10f-0f9b-4c0f-9903-54ec684b14b7', 'context': [<snowplow_tracker.self_describing_json.SelfDescribingJson object at 0x7f413d3d0350>]}
[0m00:08:25.696784 [debug] [MainThread]: Wrote artifact WritableManifest to /home/anwar/AdInsight360/target/manifest.json
[0m00:08:25.697925 [debug] [MainThread]: Wrote artifact SemanticManifest to /home/anwar/AdInsight360/target/semantic_manifest.json
[0m00:08:25.704665 [debug] [MainThread]: Sending event: {'category': 'dbt', 'action': 'resource_counts', 'label': 'e44ff10f-0f9b-4c0f-9903-54ec684b14b7', 'context': [<snowplow_tracker.self_describing_json.SelfDescribingJson object at 0x7f413c722dd0>]}
[0m00:08:25.705085 [info ] [MainThread]: Found 1 model, 1 source, 476 macros
[0m00:08:25.705398 [debug] [MainThread]: Sending event: {'category': 'dbt', 'action': 'runnable_timing', 'label': 'e44ff10f-0f9b-4c0f-9903-54ec684b14b7', 'context': [<snowplow_tracker.self_describing_json.SelfDescribingJson object at 0x7f413c838b90>]}
[0m00:08:25.706324 [info ] [MainThread]: 
[0m00:08:25.706647 [info ] [MainThread]: Concurrency: 4 threads (target='dev')
[0m00:08:25.706906 [info ] [MainThread]: 
[0m00:08:25.707321 [debug] [MainThread]: Acquiring new snowflake connection 'master'
[0m00:08:25.708024 [debug] [ThreadPool]: Acquiring new snowflake connection 'list_ADINSIGHT_DB'
[0m00:08:25.735112 [debug] [ThreadPool]: Using snowflake connection "list_ADINSIGHT_DB"
[0m00:08:25.735498 [debug] [ThreadPool]: On list_ADINSIGHT_DB: /* {"app": "dbt", "dbt_version": "1.9.4", "profile_name": "adinsight360", "target_name": "dev", "connection_name": "list_ADINSIGHT_DB"} */
show terse schemas in database ADINSIGHT_DB
    limit 10000
[0m00:08:25.735779 [debug] [ThreadPool]: Opening a new connection, currently in state init
[0m00:08:27.915141 [debug] [ThreadPool]: SQL status: SUCCESS 4 in 2.179 seconds
[0m00:08:27.920915 [debug] [ThreadPool]: Re-using an available connection from the pool (formerly list_ADINSIGHT_DB, now list_ADINSIGHT_DB_public_analytics)
[0m00:08:27.937392 [debug] [ThreadPool]: Using snowflake connection "list_ADINSIGHT_DB_public_analytics"
[0m00:08:27.937805 [debug] [ThreadPool]: On list_ADINSIGHT_DB_public_analytics: /* {"app": "dbt", "dbt_version": "1.9.4", "profile_name": "adinsight360", "target_name": "dev", "connection_name": "list_ADINSIGHT_DB_public_analytics"} */
alter session set quoted_identifiers_ignore_case = false;
[0m00:08:28.092088 [debug] [ThreadPool]: SQL status: SUCCESS 1 in 0.154 seconds
[0m00:08:28.095052 [debug] [ThreadPool]: Using snowflake connection "list_ADINSIGHT_DB_public_analytics"
[0m00:08:28.095402 [debug] [ThreadPool]: On list_ADINSIGHT_DB_public_analytics: /* {"app": "dbt", "dbt_version": "1.9.4", "profile_name": "adinsight360", "target_name": "dev", "connection_name": "list_ADINSIGHT_DB_public_analytics"} */
show objects in ADINSIGHT_DB.public_analytics
    limit 10000
    
;
[0m00:08:28.244114 [debug] [ThreadPool]: SQL status: SUCCESS 0 in 0.148 seconds
[0m00:08:28.245899 [debug] [ThreadPool]: Using snowflake connection "list_ADINSIGHT_DB_public_analytics"
[0m00:08:28.246498 [debug] [ThreadPool]: On list_ADINSIGHT_DB_public_analytics: /* {"app": "dbt", "dbt_version": "1.9.4", "profile_name": "adinsight360", "target_name": "dev", "connection_name": "list_ADINSIGHT_DB_public_analytics"} */
alter session unset quoted_identifiers_ignore_case;
[0m00:08:28.401696 [debug] [ThreadPool]: SQL status: SUCCESS 1 in 0.155 seconds
[0m00:08:28.403129 [debug] [MainThread]: Sending event: {'category': 'dbt', 'action': 'runnable_timing', 'label': 'e44ff10f-0f9b-4c0f-9903-54ec684b14b7', 'context': [<snowplow_tracker.self_describing_json.SelfDescribingJson object at 0x7f413c67e0d0>]}
[0m00:08:28.405450 [debug] [Thread-1 (]: Began running node model.adinsight.stg_reddit_posts
[0m00:08:28.406107 [info ] [Thread-1 (]: 1 of 1 START sql view model public_analytics.stg_reddit_posts .................. [RUN]
[0m00:08:28.406673 [debug] [Thread-1 (]: Re-using an available connection from the pool (formerly list_ADINSIGHT_DB_public_analytics, now model.adinsight.stg_reddit_posts)
[0m00:08:28.407129 [debug] [Thread-1 (]: Began compiling node model.adinsight.stg_reddit_posts
[0m00:08:28.415370 [debug] [Thread-1 (]: Writing injected SQL for node "model.adinsight.stg_reddit_posts"
[0m00:08:28.416755 [debug] [Thread-1 (]: Began executing node model.adinsight.stg_reddit_posts
[0m00:08:28.447025 [debug] [Thread-1 (]: Writing runtime sql for node "model.adinsight.stg_reddit_posts"
[0m00:08:28.448359 [debug] [Thread-1 (]: Using snowflake connection "model.adinsight.stg_reddit_posts"
[0m00:08:28.448911 [debug] [Thread-1 (]: On model.adinsight.stg_reddit_posts: /* {"app": "dbt", "dbt_version": "1.9.4", "profile_name": "adinsight360", "target_name": "dev", "node_id": "model.adinsight.stg_reddit_posts"} */
create or replace   view ADINSIGHT_DB.public_analytics.stg_reddit_posts
  
   as (
    

SELECT
    'post_1' AS id,
    'Test Post' AS title,
    100 AS score,
    CURRENT_TIMESTAMP() AS created_at,
    'https://example.com' AS url,
    5 AS num_comments,
    'test_user' AS author
  );
[0m00:08:28.712248 [debug] [Thread-1 (]: SQL status: SUCCESS 1 in 0.263 seconds
[0m00:08:28.735234 [debug] [Thread-1 (]: Sending event: {'category': 'dbt', 'action': 'run_model', 'label': 'e44ff10f-0f9b-4c0f-9903-54ec684b14b7', 'context': [<snowplow_tracker.self_describing_json.SelfDescribingJson object at 0x7f413c30e650>]}
[0m00:08:28.735842 [info ] [Thread-1 (]: 1 of 1 OK created sql view model public_analytics.stg_reddit_posts ............. [[32mSUCCESS 1[0m in 0.33s]
[0m00:08:28.736394 [debug] [Thread-1 (]: Finished running node model.adinsight.stg_reddit_posts
[0m00:08:28.737364 [debug] [MainThread]: Connection 'master' was properly closed.
[0m00:08:28.737659 [debug] [MainThread]: Connection 'model.adinsight.stg_reddit_posts' was left open.
[0m00:08:28.737944 [debug] [MainThread]: On model.adinsight.stg_reddit_posts: Close
[0m00:08:28.971974 [info ] [MainThread]: 
[0m00:08:28.972501 [info ] [MainThread]: Finished running 1 view model in 0 hours 0 minutes and 3.26 seconds (3.26s).
[0m00:08:28.973112 [debug] [MainThread]: Command end result
[0m00:08:28.993440 [debug] [MainThread]: Wrote artifact WritableManifest to /home/anwar/AdInsight360/target/manifest.json
[0m00:08:28.994677 [debug] [MainThread]: Wrote artifact SemanticManifest to /home/anwar/AdInsight360/target/semantic_manifest.json
[0m00:08:28.998388 [debug] [MainThread]: Wrote artifact RunExecutionResult to /home/anwar/AdInsight360/target/run_results.json
[0m00:08:28.998697 [info ] [MainThread]: 
[0m00:08:28.999064 [info ] [MainThread]: [32mCompleted successfully[0m
[0m00:08:28.999413 [info ] [MainThread]: 
[0m00:08:28.999730 [info ] [MainThread]: Done. PASS=1 WARN=0 ERROR=0 SKIP=0 TOTAL=1
[0m00:08:29.000451 [debug] [MainThread]: Resource report: {"command_name": "run", "command_success": true, "command_wall_clock_time": 4.706379, "process_in_blocks": "0", "process_kernel_time": 0.193263, "process_mem_max_rss": "221364", "process_out_blocks": "3032", "process_user_time": 2.40411}
[0m00:08:29.000905 [debug] [MainThread]: Command `dbt run` succeeded at 00:08:29.000835 after 4.71 seconds
[0m00:08:29.001249 [debug] [MainThread]: Sending event: {'category': 'dbt', 'action': 'invocation', 'label': 'end', 'context': [<snowplow_tracker.self_describing_json.SelfDescribingJson object at 0x7f415a1cea50>, <snowplow_tracker.self_describing_json.SelfDescribingJson object at 0x7f415a28c790>, <snowplow_tracker.self_describing_json.SelfDescribingJson object at 0x7f415df35190>]}
[0m00:08:29.001583 [debug] [MainThread]: Flushing usage events
[0m00:08:29.701319 [debug] [MainThread]: An error was encountered while trying to flush usage events
